build/intermediates/manifest_merge_blame_file/release/manifest-merger-blame-release-report.txt
1<?xml version="1.0" encoding="utf-8"?>
2<manifest xmlns:android="http://schemas.android.com/apk/res/android"
3    package="org.omnirom.deskclock"
4    android:versionCode="52"
5    android:versionName="2.0.1" >
6
7    <uses-sdk
7-->OmniClock/Clock/AndroidManifest.xml:19:5-21:41
8        android:minSdkVersion="26"
8-->OmniClock/Clock/AndroidManifest.xml:20:9-35
9        android:targetSdkVersion="28" />
9-->OmniClock/Clock/AndroidManifest.xml:21:9-38
10
11    <uses-permission android:name="android.permission.RECEIVE_BOOT_COMPLETED" />
11-->OmniClock/Clock/AndroidManifest.xml:6:5-81
11-->OmniClock/Clock/AndroidManifest.xml:6:22-78
12    <uses-permission android:name="android.permission.WAKE_LOCK" />
12-->OmniClock/Clock/AndroidManifest.xml:7:5-68
12-->OmniClock/Clock/AndroidManifest.xml:7:22-65
13    <uses-permission android:name="android.permission.VIBRATE" />
13-->OmniClock/Clock/AndroidManifest.xml:8:5-66
13-->OmniClock/Clock/AndroidManifest.xml:8:22-63
14    <uses-permission android:name="android.permission.DISABLE_KEYGUARD" />
14-->OmniClock/Clock/AndroidManifest.xml:9:5-75
14-->OmniClock/Clock/AndroidManifest.xml:9:22-72
15    <uses-permission android:name="android.permission.READ_EXTERNAL_STORAGE" />
15-->OmniClock/Clock/AndroidManifest.xml:10:5-80
15-->OmniClock/Clock/AndroidManifest.xml:10:22-77
16    <uses-permission android:name="android.permission.WRITE_EXTERNAL_STORAGE" />
16-->OmniClock/Clock/AndroidManifest.xml:11:5-81
16-->OmniClock/Clock/AndroidManifest.xml:11:22-78
17    <uses-permission android:name="android.permission.ACCESS_FINE_LOCATION" />
17-->OmniClock/Clock/AndroidManifest.xml:12:5-79
17-->OmniClock/Clock/AndroidManifest.xml:12:22-76
18    <uses-permission android:name="android.permission.INTERNET" />
18-->OmniClock/Clock/AndroidManifest.xml:13:5-67
18-->OmniClock/Clock/AndroidManifest.xml:13:22-64
19    <uses-permission android:name="android.permission.ACCESS_NETWORK_STATE" />
19-->OmniClock/Clock/AndroidManifest.xml:14:5-79
19-->OmniClock/Clock/AndroidManifest.xml:14:22-76
20    <uses-permission android:name="org.omnirom.deskclock.worldclock.permissions.WRITE_DATABASE" />
20-->OmniClock/Clock/AndroidManifest.xml:15:5-99
20-->OmniClock/Clock/AndroidManifest.xml:15:22-96
21
22    <uses-feature android:name="android.hardware.location.gps" />
22-->OmniClock/Clock/AndroidManifest.xml:17:5-66
22-->OmniClock/Clock/AndroidManifest.xml:17:19-63
23
24    <permission
24-->OmniClock/Clock/AndroidManifest.xml:23:5-25:44
25        android:name="org.omnirom.deskclock.worldclock.permissions.WRITE_DATABASE"
25-->OmniClock/Clock/AndroidManifest.xml:24:9-83
26        android:protectionLevel="normal" />
26-->OmniClock/Clock/AndroidManifest.xml:25:9-41
27
28    <application
28-->OmniClock/Clock/AndroidManifest.xml:27:5-363:19
29        android:allowBackup="true"
29-->OmniClock/Clock/AndroidManifest.xml:33:9-35
30        android:appComponentFactory="androidx.core.app.CoreComponentFactory"
30-->[androidx.core:core:1.0.1] AndroidManifest.xml:22:18-86
31        android:extractNativeLibs="false"
32        android:icon="@mipmap/ic_launcher_alarmclock"
32-->OmniClock/Clock/AndroidManifest.xml:28:9-54
33        android:label="@string/app_label_new"
33-->OmniClock/Clock/AndroidManifest.xml:29:9-46
34        android:requiredForAllUsers="true"
34-->OmniClock/Clock/AndroidManifest.xml:30:9-43
35        android:supportsRtl="true"
35-->OmniClock/Clock/AndroidManifest.xml:31:9-35
36        android:theme="@style/DeskClock" >
36-->OmniClock/Clock/AndroidManifest.xml:32:9-41
37        <uses-library
37-->OmniClock/Clock/AndroidManifest.xml:35:9-37:40
38            android:name="org.apache.http.legacy"
38-->OmniClock/Clock/AndroidManifest.xml:36:13-50
39            android:required="false" />
39-->OmniClock/Clock/AndroidManifest.xml:37:13-37
40
41        <provider
41-->OmniClock/Clock/AndroidManifest.xml:39:9-42:39
42            android:name="org.omnirom.deskclock.provider.ClockProvider"
42-->OmniClock/Clock/AndroidManifest.xml:40:13-72
43            android:authorities="org.omnirom.deskclock"
43-->OmniClock/Clock/AndroidManifest.xml:41:13-56
44            android:exported="true" />
44-->OmniClock/Clock/AndroidManifest.xml:42:13-36
45        <provider
45-->OmniClock/Clock/AndroidManifest.xml:44:9-48:101
46            android:name="org.omnirom.deskclock.worldclock.db.DbCityProvider"
46-->OmniClock/Clock/AndroidManifest.xml:45:13-78
47            android:authorities="org.omnirom.deskclock.worldclock.db"
47-->OmniClock/Clock/AndroidManifest.xml:46:13-70
48            android:exported="false"
48-->OmniClock/Clock/AndroidManifest.xml:47:13-37
49            android:writePermission="org.omnirom.deskclock.worldclock.permissions.WRITE_DATABASE" />
49-->OmniClock/Clock/AndroidManifest.xml:48:13-98
50
51        <activity
51-->OmniClock/Clock/AndroidManifest.xml:50:9-63:20
52            android:name="org.omnirom.deskclock.DeskClock"
52-->OmniClock/Clock/AndroidManifest.xml:51:13-59
53            android:label="@string/app_label_new"
53-->OmniClock/Clock/AndroidManifest.xml:52:13-50
54            android:launchMode="singleTask" >
54-->OmniClock/Clock/AndroidManifest.xml:53:13-44
55            <intent-filter>
55-->OmniClock/Clock/AndroidManifest.xml:55:13-60:29
56                <action android:name="android.intent.action.MAIN" />
56-->OmniClock/Clock/AndroidManifest.xml:56:17-69
56-->OmniClock/Clock/AndroidManifest.xml:56:25-66
57
58                <category android:name="android.intent.category.DEFAULT" />
58-->OmniClock/Clock/AndroidManifest.xml:58:17-76
58-->OmniClock/Clock/AndroidManifest.xml:58:27-73
59                <category android:name="android.intent.category.LAUNCHER" />
59-->OmniClock/Clock/AndroidManifest.xml:59:17-77
59-->OmniClock/Clock/AndroidManifest.xml:59:27-74
60            </intent-filter>
61
62            <meta-data
62-->OmniClock/Clock/AndroidManifest.xml:61:13-62:53
63                android:name="android.app.shortcuts"
63-->OmniClock/Clock/AndroidManifest.xml:61:24-60
64                android:resource="@xml/shortcuts" />
64-->OmniClock/Clock/AndroidManifest.xml:62:17-50
65        </activity>
66
67        <activity-alias
67-->OmniClock/Clock/AndroidManifest.xml:65:9-76:26
68            android:name="org.omnirom.deskclock.DockClock"
68-->OmniClock/Clock/AndroidManifest.xml:66:13-37
69            android:label="@string/app_label_new"
69-->OmniClock/Clock/AndroidManifest.xml:67:13-50
70            android:launchMode="singleTask"
70-->OmniClock/Clock/AndroidManifest.xml:68:13-44
71            android:targetActivity="org.omnirom.deskclock.DeskClock" >
71-->OmniClock/Clock/AndroidManifest.xml:69:13-69
72            <intent-filter>
72-->OmniClock/Clock/AndroidManifest.xml:70:13-75:29
73                <action android:name="android.intent.action.MAIN" />
73-->OmniClock/Clock/AndroidManifest.xml:56:17-69
73-->OmniClock/Clock/AndroidManifest.xml:56:25-66
74
75                <category android:name="android.intent.category.DEFAULT" />
75-->OmniClock/Clock/AndroidManifest.xml:58:17-76
75-->OmniClock/Clock/AndroidManifest.xml:58:27-73
76                <category android:name="android.intent.category.DESK_DOCK" />
76-->OmniClock/Clock/AndroidManifest.xml:74:17-78
76-->OmniClock/Clock/AndroidManifest.xml:74:27-75
77            </intent-filter>
78        </activity-alias>
79
80        <activity
80-->OmniClock/Clock/AndroidManifest.xml:78:9-86:20
81            android:name="org.omnirom.deskclock.SettingsActivity"
81-->OmniClock/Clock/AndroidManifest.xml:79:13-66
82            android:excludeFromRecents="true"
82-->OmniClock/Clock/AndroidManifest.xml:80:13-46
83            android:label="@string/settings"
83-->OmniClock/Clock/AndroidManifest.xml:81:13-45
84            android:taskAffinity="" >
84-->OmniClock/Clock/AndroidManifest.xml:82:13-36
85            <intent-filter>
85-->OmniClock/Clock/AndroidManifest.xml:83:13-85:29
86                <action android:name="android.intent.action.MAIN" />
86-->OmniClock/Clock/AndroidManifest.xml:56:17-69
86-->OmniClock/Clock/AndroidManifest.xml:56:25-66
87            </intent-filter>
88        </activity>
89        <activity
89-->OmniClock/Clock/AndroidManifest.xml:88:9-96:20
90            android:name="org.omnirom.deskclock.worldclock.CitiesActivity"
90-->OmniClock/Clock/AndroidManifest.xml:89:13-75
91            android:excludeFromRecents="true"
91-->OmniClock/Clock/AndroidManifest.xml:90:13-46
92            android:label="@string/cities_activity_title"
92-->OmniClock/Clock/AndroidManifest.xml:91:13-58
93            android:taskAffinity="" >
93-->OmniClock/Clock/AndroidManifest.xml:92:13-36
94            <intent-filter>
94-->OmniClock/Clock/AndroidManifest.xml:83:13-85:29
95                <action android:name="android.intent.action.MAIN" />
95-->OmniClock/Clock/AndroidManifest.xml:56:17-69
95-->OmniClock/Clock/AndroidManifest.xml:56:25-66
96            </intent-filter>
97        </activity>
98        <activity
98-->OmniClock/Clock/AndroidManifest.xml:98:9-106:38
99            android:name="org.omnirom.deskclock.alarms.AlarmActivity"
99-->OmniClock/Clock/AndroidManifest.xml:99:13-70
100            android:configChanges="orientation|screenSize|keyboardHidden|keyboard|navigation"
100-->OmniClock/Clock/AndroidManifest.xml:100:13-94
101            android:excludeFromRecents="true"
101-->OmniClock/Clock/AndroidManifest.xml:101:13-46
102            android:exported="true"
102-->OmniClock/Clock/AndroidManifest.xml:106:13-36
103            android:showOnLockScreen="true"
103-->OmniClock/Clock/AndroidManifest.xml:102:13-44
104            android:taskAffinity=""
104-->OmniClock/Clock/AndroidManifest.xml:103:13-36
105            android:theme="@style/AlarmAlertFullScreenTheme"
105-->OmniClock/Clock/AndroidManifest.xml:104:13-61
106            android:windowSoftInputMode="stateAlwaysHidden" />
106-->OmniClock/Clock/AndroidManifest.xml:105:13-60
107        <activity
107-->OmniClock/Clock/AndroidManifest.xml:108:9-113:63
108            android:name="org.omnirom.deskclock.ScreensaverActivity"
108-->OmniClock/Clock/AndroidManifest.xml:109:13-69
109            android:configChanges="orientation|screenSize|keyboardHidden|keyboard"
109-->OmniClock/Clock/AndroidManifest.xml:110:13-83
110            android:excludeFromRecents="true"
110-->OmniClock/Clock/AndroidManifest.xml:111:13-46
111            android:taskAffinity=""
111-->OmniClock/Clock/AndroidManifest.xml:112:13-36
112            android:theme="@style/ScreensaverActivityTheme" />
112-->OmniClock/Clock/AndroidManifest.xml:113:13-60
113
114        <receiver
114-->OmniClock/Clock/AndroidManifest.xml:115:9-117:38
115            android:name="org.omnirom.deskclock.alarms.AlarmStateManager"
115-->OmniClock/Clock/AndroidManifest.xml:116:13-74
116            android:exported="true" />
116-->OmniClock/Clock/AndroidManifest.xml:117:13-36
117
118        <service
118-->OmniClock/Clock/AndroidManifest.xml:119:9-121:39
119            android:name="org.omnirom.deskclock.alarms.AlarmService"
119-->OmniClock/Clock/AndroidManifest.xml:120:13-69
120            android:exported="false" />
120-->OmniClock/Clock/AndroidManifest.xml:121:13-37
121
122        <activity
122-->OmniClock/Clock/AndroidManifest.xml:123:9-144:20
123            android:name="org.omnirom.deskclock.HandleApiCalls"
123-->OmniClock/Clock/AndroidManifest.xml:124:13-64
124            android:excludeFromRecents="true"
124-->OmniClock/Clock/AndroidManifest.xml:125:13-46
125            android:permission="com.android.alarm.permission.SET_ALARM"
125-->OmniClock/Clock/AndroidManifest.xml:126:13-72
126            android:theme="@android:style/Theme.NoDisplay" >
126-->OmniClock/Clock/AndroidManifest.xml:127:13-59
127            <intent-filter>
127-->OmniClock/Clock/AndroidManifest.xml:128:13-131:29
128                <action android:name="android.intent.action.SET_ALARM" />
128-->OmniClock/Clock/AndroidManifest.xml:129:17-74
128-->OmniClock/Clock/AndroidManifest.xml:129:25-71
129
130                <category android:name="android.intent.category.DEFAULT" />
130-->OmniClock/Clock/AndroidManifest.xml:58:17-76
130-->OmniClock/Clock/AndroidManifest.xml:58:27-73
131            </intent-filter>
132            <intent-filter>
132-->OmniClock/Clock/AndroidManifest.xml:132:13-135:29
133                <action android:name="android.intent.action.SHOW_ALARMS" />
133-->OmniClock/Clock/AndroidManifest.xml:133:17-76
133-->OmniClock/Clock/AndroidManifest.xml:133:25-73
134
135                <category android:name="android.intent.category.DEFAULT" />
135-->OmniClock/Clock/AndroidManifest.xml:58:17-76
135-->OmniClock/Clock/AndroidManifest.xml:58:27-73
136            </intent-filter>
137            <intent-filter>
137-->OmniClock/Clock/AndroidManifest.xml:136:13-139:29
138                <action android:name="org.omnirom.deskclock.ACTION_SHOW_STOPWATCH" />
138-->OmniClock/Clock/AndroidManifest.xml:137:17-86
138-->OmniClock/Clock/AndroidManifest.xml:137:25-83
139
140                <category android:name="android.intent.category.DEFAULT" />
140-->OmniClock/Clock/AndroidManifest.xml:58:17-76
140-->OmniClock/Clock/AndroidManifest.xml:58:27-73
141            </intent-filter>
142            <intent-filter>
142-->OmniClock/Clock/AndroidManifest.xml:140:13-143:29
143                <action android:name="android.intent.action.SET_TIMER" />
143-->OmniClock/Clock/AndroidManifest.xml:141:17-74
143-->OmniClock/Clock/AndroidManifest.xml:141:25-71
144
145                <category android:name="android.intent.category.DEFAULT" />
145-->OmniClock/Clock/AndroidManifest.xml:58:17-76
145-->OmniClock/Clock/AndroidManifest.xml:58:27-73
146            </intent-filter>
147        </activity>
148
149        <activity-alias
149-->OmniClock/Clock/AndroidManifest.xml:146:9-149:76
150            android:name="org.omnirom.deskclock.HandleSetAlarm"
150-->OmniClock/Clock/AndroidManifest.xml:147:13-42
151            android:exported="true"
151-->OmniClock/Clock/AndroidManifest.xml:148:13-36
152            android:targetActivity="org.omnirom.deskclock.HandleApiCalls" />
152-->OmniClock/Clock/AndroidManifest.xml:149:13-74
153
154        <receiver android:name="org.omnirom.deskclock.AlarmInitReceiver" >
154-->OmniClock/Clock/AndroidManifest.xml:151:9-158:20
154-->OmniClock/Clock/AndroidManifest.xml:151:19-73
155            <intent-filter>
155-->OmniClock/Clock/AndroidManifest.xml:152:13-157:29
156                <action android:name="android.intent.action.BOOT_COMPLETED" />
156-->OmniClock/Clock/AndroidManifest.xml:153:17-79
156-->OmniClock/Clock/AndroidManifest.xml:153:25-76
157                <action android:name="android.intent.action.TIME_SET" />
157-->OmniClock/Clock/AndroidManifest.xml:154:17-73
157-->OmniClock/Clock/AndroidManifest.xml:154:25-70
158                <action android:name="android.intent.action.TIMEZONE_CHANGED" />
158-->OmniClock/Clock/AndroidManifest.xml:155:17-81
158-->OmniClock/Clock/AndroidManifest.xml:155:25-78
159                <action android:name="android.intent.action.LOCALE_CHANGED" />
159-->OmniClock/Clock/AndroidManifest.xml:156:17-79
159-->OmniClock/Clock/AndroidManifest.xml:156:25-76
160            </intent-filter>
161        </receiver>
162        <receiver
162-->OmniClock/Clock/AndroidManifest.xml:160:9-174:20
163            android:name="org.omnirom.alarmclock.CustomAnalogAppWidgetProvider"
163-->OmniClock/Clock/AndroidManifest.xml:161:13-80
164            android:label="@string/analog_gadget" >
164-->OmniClock/Clock/AndroidManifest.xml:162:13-50
165            <intent-filter>
165-->OmniClock/Clock/AndroidManifest.xml:163:13-170:29
166                <action android:name="android.appwidget.action.APPWIDGET_UPDATE" />
166-->OmniClock/Clock/AndroidManifest.xml:164:17-84
166-->OmniClock/Clock/AndroidManifest.xml:164:25-81
167                <action android:name="android.intent.action.TIMEZONE_CHANGED" />
167-->OmniClock/Clock/AndroidManifest.xml:155:17-81
167-->OmniClock/Clock/AndroidManifest.xml:155:25-78
168                <action android:name="android.intent.action.SCREEN_ON" />
168-->OmniClock/Clock/AndroidManifest.xml:166:17-74
168-->OmniClock/Clock/AndroidManifest.xml:166:25-71
169                <action android:name="android.intent.action.TIME_SET" />
169-->OmniClock/Clock/AndroidManifest.xml:154:17-73
169-->OmniClock/Clock/AndroidManifest.xml:154:25-70
170                <action android:name="android.intent.action.LOCALE_CHANGED" />
170-->OmniClock/Clock/AndroidManifest.xml:156:17-79
170-->OmniClock/Clock/AndroidManifest.xml:156:25-76
171                <action android:name="android.app.action.NEXT_ALARM_CLOCK_CHANGED" />
171-->OmniClock/Clock/AndroidManifest.xml:169:17-86
171-->OmniClock/Clock/AndroidManifest.xml:169:25-83
172            </intent-filter>
173
174            <meta-data
174-->OmniClock/Clock/AndroidManifest.xml:171:13-173:67
175                android:name="android.appwidget.provider"
175-->OmniClock/Clock/AndroidManifest.xml:172:17-58
176                android:resource="@xml/custom_analog_appwidget" />
176-->OmniClock/Clock/AndroidManifest.xml:173:17-64
177        </receiver>
178        <receiver
178-->OmniClock/Clock/AndroidManifest.xml:176:9-192:20
179            android:name="org.omnirom.alarmclock.CustomAppWidgetProvider"
179-->OmniClock/Clock/AndroidManifest.xml:177:13-74
180            android:label="@string/custom_gadget" >
180-->OmniClock/Clock/AndroidManifest.xml:178:13-50
181            <intent-filter>
181-->OmniClock/Clock/AndroidManifest.xml:179:13-188:29
182                <action android:name="android.appwidget.action.APPWIDGET_UPDATE" />
182-->OmniClock/Clock/AndroidManifest.xml:164:17-84
182-->OmniClock/Clock/AndroidManifest.xml:164:25-81
183                <action android:name="android.intent.action.DATE_CHANGED" />
183-->OmniClock/Clock/AndroidManifest.xml:181:17-77
183-->OmniClock/Clock/AndroidManifest.xml:181:25-74
184                <action android:name="android.intent.action.TIMEZONE_CHANGED" />
184-->OmniClock/Clock/AndroidManifest.xml:155:17-81
184-->OmniClock/Clock/AndroidManifest.xml:155:25-78
185                <action android:name="android.intent.action.SCREEN_ON" />
185-->OmniClock/Clock/AndroidManifest.xml:166:17-74
185-->OmniClock/Clock/AndroidManifest.xml:166:25-71
186                <action android:name="android.intent.action.TIME_SET" />
186-->OmniClock/Clock/AndroidManifest.xml:154:17-73
186-->OmniClock/Clock/AndroidManifest.xml:154:25-70
187                <action android:name="android.intent.action.LOCALE_CHANGED" />
187-->OmniClock/Clock/AndroidManifest.xml:156:17-79
187-->OmniClock/Clock/AndroidManifest.xml:156:25-76
188                <action android:name="android.app.action.NEXT_ALARM_CLOCK_CHANGED" />
188-->OmniClock/Clock/AndroidManifest.xml:169:17-86
188-->OmniClock/Clock/AndroidManifest.xml:169:25-83
189                <action android:name="org.omnirom.deskclock.worldclock.update" />
189-->OmniClock/Clock/AndroidManifest.xml:187:17-82
189-->OmniClock/Clock/AndroidManifest.xml:187:25-79
190            </intent-filter>
191
192            <meta-data
192-->OmniClock/Clock/AndroidManifest.xml:171:13-173:67
193                android:name="android.appwidget.provider"
193-->OmniClock/Clock/AndroidManifest.xml:172:17-58
194                android:resource="@xml/custom_appwidget" />
194-->OmniClock/Clock/AndroidManifest.xml:173:17-64
195        </receiver>
196        <receiver
196-->OmniClock/Clock/AndroidManifest.xml:194:9-210:20
197            android:name="org.omnirom.alarmclock.BinaryClockAppWidgetProvider"
197-->OmniClock/Clock/AndroidManifest.xml:195:13-79
198            android:icon="@mipmap/ic_launcher_alarmclock"
198-->OmniClock/Clock/AndroidManifest.xml:196:13-58
199            android:label="@string/binary_gadget" >
199-->OmniClock/Clock/AndroidManifest.xml:197:13-50
200            <intent-filter>
200-->OmniClock/Clock/AndroidManifest.xml:198:13-206:29
201                <action android:name="android.appwidget.action.APPWIDGET_UPDATE" />
201-->OmniClock/Clock/AndroidManifest.xml:164:17-84
201-->OmniClock/Clock/AndroidManifest.xml:164:25-81
202                <action android:name="android.intent.action.DATE_CHANGED" />
202-->OmniClock/Clock/AndroidManifest.xml:181:17-77
202-->OmniClock/Clock/AndroidManifest.xml:181:25-74
203                <action android:name="android.intent.action.TIMEZONE_CHANGED" />
203-->OmniClock/Clock/AndroidManifest.xml:155:17-81
203-->OmniClock/Clock/AndroidManifest.xml:155:25-78
204                <action android:name="android.intent.action.SCREEN_ON" />
204-->OmniClock/Clock/AndroidManifest.xml:166:17-74
204-->OmniClock/Clock/AndroidManifest.xml:166:25-71
205                <action android:name="android.intent.action.TIME_SET" />
205-->OmniClock/Clock/AndroidManifest.xml:154:17-73
205-->OmniClock/Clock/AndroidManifest.xml:154:25-70
206                <action android:name="android.intent.action.LOCALE_CHANGED" />
206-->OmniClock/Clock/AndroidManifest.xml:156:17-79
206-->OmniClock/Clock/AndroidManifest.xml:156:25-76
207                <action android:name="android.app.action.NEXT_ALARM_CLOCK_CHANGED" />
207-->OmniClock/Clock/AndroidManifest.xml:169:17-86
207-->OmniClock/Clock/AndroidManifest.xml:169:25-83
208            </intent-filter>
209
210            <meta-data
210-->OmniClock/Clock/AndroidManifest.xml:171:13-173:67
211                android:name="android.appwidget.provider"
211-->OmniClock/Clock/AndroidManifest.xml:172:17-58
212                android:resource="@xml/binary_clock_appwidget" />
212-->OmniClock/Clock/AndroidManifest.xml:173:17-64
213        </receiver>
214
215        <service
215-->OmniClock/Clock/AndroidManifest.xml:212:9-214:40
216            android:name="org.omnirom.alarmclock.CustomAppWidgetProvider$ClockUpdateService"
216-->OmniClock/Clock/AndroidManifest.xml:213:13-93
217            android:exported="false" />
217-->OmniClock/Clock/AndroidManifest.xml:214:13-37
218        <service
218-->OmniClock/Clock/AndroidManifest.xml:216:9-218:40
219            android:name="org.omnirom.alarmclock.CustomAnalogAppWidgetProvider$AnalogClockUpdateService"
219-->OmniClock/Clock/AndroidManifest.xml:217:13-105
220            android:exported="false" />
220-->OmniClock/Clock/AndroidManifest.xml:218:13-37
221        <service
221-->OmniClock/Clock/AndroidManifest.xml:220:9-222:40
222            android:name="org.omnirom.alarmclock.BinaryClockAppWidgetProvider$BinaryClockUpdateService"
222-->OmniClock/Clock/AndroidManifest.xml:221:13-104
223            android:exported="false" />
223-->OmniClock/Clock/AndroidManifest.xml:222:13-37
224        <service
224-->OmniClock/Clock/AndroidManifest.xml:224:9-227:72
225            android:name="org.omnirom.alarmclock.DigitalAppWidgetService"
225-->OmniClock/Clock/AndroidManifest.xml:225:13-74
226            android:exported="false"
226-->OmniClock/Clock/AndroidManifest.xml:226:13-37
227            android:permission="android.permission.BIND_REMOTEVIEWS" />
227-->OmniClock/Clock/AndroidManifest.xml:227:13-69
228
229        <activity android:name="org.omnirom.alarmclock.CustomAppWidgetConfigure" >
229-->OmniClock/Clock/AndroidManifest.xml:229:9-233:20
229-->OmniClock/Clock/AndroidManifest.xml:229:19-81
230            <intent-filter>
230-->OmniClock/Clock/AndroidManifest.xml:230:13-232:29
231                <action android:name="android.appwidget.action.APPWIDGET_CONFIGURE" />
231-->OmniClock/Clock/AndroidManifest.xml:231:17-87
231-->OmniClock/Clock/AndroidManifest.xml:231:25-84
232            </intent-filter>
233        </activity>
234        <activity android:name="org.omnirom.alarmclock.CustomAnalogAppWidgetConfigure" >
234-->OmniClock/Clock/AndroidManifest.xml:235:9-239:20
234-->OmniClock/Clock/AndroidManifest.xml:235:19-87
235            <intent-filter>
235-->OmniClock/Clock/AndroidManifest.xml:230:13-232:29
236                <action android:name="android.appwidget.action.APPWIDGET_CONFIGURE" />
236-->OmniClock/Clock/AndroidManifest.xml:231:17-87
236-->OmniClock/Clock/AndroidManifest.xml:231:25-84
237            </intent-filter>
238        </activity>
239        <activity android:name="org.omnirom.alarmclock.BinaryClockAppWidgetConfigure" >
239-->OmniClock/Clock/AndroidManifest.xml:241:9-245:20
239-->OmniClock/Clock/AndroidManifest.xml:241:19-86
240            <intent-filter>
240-->OmniClock/Clock/AndroidManifest.xml:230:13-232:29
241                <action android:name="android.appwidget.action.APPWIDGET_CONFIGURE" />
241-->OmniClock/Clock/AndroidManifest.xml:231:17-87
241-->OmniClock/Clock/AndroidManifest.xml:231:25-84
242            </intent-filter>
243        </activity>
244
245        <!-- Dream (screensaver) implementation -->
246        <service
246-->OmniClock/Clock/AndroidManifest.xml:248:9-262:19
247            android:name="org.omnirom.deskclock.Screensaver"
247-->OmniClock/Clock/AndroidManifest.xml:249:13-61
248            android:exported="true"
248-->OmniClock/Clock/AndroidManifest.xml:250:13-36
249            android:label="@string/app_label_new"
249-->OmniClock/Clock/AndroidManifest.xml:251:13-50
250            android:permission="android.permission.BIND_DREAM_SERVICE" >
250-->OmniClock/Clock/AndroidManifest.xml:252:13-71
251            <intent-filter>
251-->OmniClock/Clock/AndroidManifest.xml:253:13-258:29
252                <action android:name="android.service.dreams.DreamService" />
252-->OmniClock/Clock/AndroidManifest.xml:254:17-78
252-->OmniClock/Clock/AndroidManifest.xml:254:25-75
253                <action android:name="android.app.action.NEXT_ALARM_CLOCK_CHANGED" />
253-->OmniClock/Clock/AndroidManifest.xml:169:17-86
253-->OmniClock/Clock/AndroidManifest.xml:169:25-83
254
255                <category android:name="android.intent.category.DEFAULT" />
255-->OmniClock/Clock/AndroidManifest.xml:58:17-76
255-->OmniClock/Clock/AndroidManifest.xml:58:27-73
256            </intent-filter>
257
258            <meta-data
258-->OmniClock/Clock/AndroidManifest.xml:259:13-261:54
259                android:name="android.service.dream"
259-->OmniClock/Clock/AndroidManifest.xml:260:17-53
260                android:resource="@xml/dream_info" />
260-->OmniClock/Clock/AndroidManifest.xml:261:17-51
261        </service>
262
263        <!-- Settings activity for screensaver -->
264        <activity
264-->OmniClock/Clock/AndroidManifest.xml:265:9-275:20
265            android:name="org.omnirom.deskclock.ScreensaverSettingsActivity"
265-->OmniClock/Clock/AndroidManifest.xml:266:13-77
266            android:excludeFromRecents="true"
266-->OmniClock/Clock/AndroidManifest.xml:267:13-46
267            android:exported="true"
267-->OmniClock/Clock/AndroidManifest.xml:268:13-36
268            android:label="@string/screensaver_settings"
268-->OmniClock/Clock/AndroidManifest.xml:269:13-57
269            android:taskAffinity=""
269-->OmniClock/Clock/AndroidManifest.xml:270:13-36
270            android:theme="@android:style/Theme.DeviceDefault.Settings" >
270-->OmniClock/Clock/AndroidManifest.xml:271:13-72
271            <intent-filter>
271-->OmniClock/Clock/AndroidManifest.xml:83:13-85:29
272                <action android:name="android.intent.action.MAIN" />
272-->OmniClock/Clock/AndroidManifest.xml:56:17-69
272-->OmniClock/Clock/AndroidManifest.xml:56:25-66
273            </intent-filter>
274        </activity>
275
276        <!--
277         This activity is basically like the TimerFragment in DeskClock
278         but only during lock screen
279         so that is only has the fired timers
280        -->
281        <activity
281-->OmniClock/Clock/AndroidManifest.xml:280:9-287:64
282            android:name="org.omnirom.deskclock.timer.TimerAlertFullScreen"
282-->OmniClock/Clock/AndroidManifest.xml:281:13-76
283            android:configChanges="orientation|screenSize|keyboardHidden|keyboard|navigation"
283-->OmniClock/Clock/AndroidManifest.xml:282:13-94
284            android:excludeFromRecents="true"
284-->OmniClock/Clock/AndroidManifest.xml:283:13-46
285            android:launchMode="singleInstance"
285-->OmniClock/Clock/AndroidManifest.xml:284:13-48
286            android:showOnLockScreen="true"
286-->OmniClock/Clock/AndroidManifest.xml:285:13-44
287            android:taskAffinity=""
287-->OmniClock/Clock/AndroidManifest.xml:286:13-36
288            android:theme="@style/TimerAlertFullScreenTheme" />
288-->OmniClock/Clock/AndroidManifest.xml:287:13-61
289
290        <service
290-->OmniClock/Clock/AndroidManifest.xml:289:9-296:19
291            android:name="org.omnirom.deskclock.TimerRingService"
291-->OmniClock/Clock/AndroidManifest.xml:290:13-66
292            android:description="@string/timer_ring_service_desc"
292-->OmniClock/Clock/AndroidManifest.xml:291:13-66
293            android:exported="false" >
293-->OmniClock/Clock/AndroidManifest.xml:292:13-37
294            <intent-filter>
294-->OmniClock/Clock/AndroidManifest.xml:293:13-295:29
295                <action android:name="org.omnirom.deskclock.TIMER_ALERT" />
295-->OmniClock/Clock/AndroidManifest.xml:294:17-76
295-->OmniClock/Clock/AndroidManifest.xml:294:25-73
296            </intent-filter>
297        </service>
298
299        <receiver
299-->OmniClock/Clock/AndroidManifest.xml:298:9-320:20
300            android:name="org.omnirom.deskclock.timer.TimerReceiver"
300-->OmniClock/Clock/AndroidManifest.xml:299:13-69
301            android:exported="false" >
301-->OmniClock/Clock/AndroidManifest.xml:300:13-37
302            <intent-filter>
302-->OmniClock/Clock/AndroidManifest.xml:301:13-319:29
303                <action android:name="start_timer" />
303-->OmniClock/Clock/AndroidManifest.xml:302:17-54
303-->OmniClock/Clock/AndroidManifest.xml:302:25-51
304                <action android:name="delete_timer" />
304-->OmniClock/Clock/AndroidManifest.xml:303:17-55
304-->OmniClock/Clock/AndroidManifest.xml:303:25-52
305                <action android:name="times_up" />
305-->OmniClock/Clock/AndroidManifest.xml:304:17-51
305-->OmniClock/Clock/AndroidManifest.xml:304:25-48
306                <action android:name="timer_stop" />
306-->OmniClock/Clock/AndroidManifest.xml:305:17-53
306-->OmniClock/Clock/AndroidManifest.xml:305:25-50